;;; 
Export: Release 11.2.0.1.0 - Production on Tue Jun 4 14:03:23 2019

Copyright (c) 1982, 2009, Oracle and/or its affiliates.  All rights reserved.
;;; 
Connected to: Oracle Database 11g Enterprise Edition Release 11.2.0.1.0 - 64bit Production
With the Partitioning, OLAP, Data Mining and Real Application Testing options
Starting "HR"."SYS_EXPORT_TABLE_01":  hr/******** parfile=/home/oracle/Desktop/a/exportahrvl.txt 
Estimate in progress using BLOCKS method...
Processing object type TABLE_EXPORT/TABLE/TABLE_DATA
Total estimation using BLOCKS method: 128 KB
Processing object type TABLE_EXPORT/TABLE/TABLE
Processing object type TABLE_EXPORT/TABLE/CONSTRAINT/CONSTRAINT
Processing object type TABLE_EXPORT/TABLE/CONSTRAINT/REF_CONSTRAINT
. . exported "HR"."LANZADERAS"                           6.093 KB      20 rows
. . exported "HR"."VISITAS"                              6.617 KB      15 rows
Master table "HR"."SYS_EXPORT_TABLE_01" successfully loaded/unloaded
******************************************************************************
Dump file set for HR.SYS_EXPORT_TABLE_01 is:
  /home/oracle/Desktop/a/exportahrvl.dmp
Job "HR"."SYS_EXPORT_TABLE_01" successfully completed at 14:03:32
