
SQL*Loader: Release 11.2.0.1.0 - Production on Fri Apr 12 13:35:23 2019

Copyright (c) 1982, 2009, Oracle and/or its affiliates.  All rights reserved.

Control File:   cargaparentesfixo.ctl
Data File:      parentes_fixo.txt
  Bad File:     parentes_fixo.bad
  Discard File:  none specified
 
 (Allow all discards)

Number to load: ALL
Number to skip: 0
Errors allowed: 50
Bind array:     64 rows, maximum of 256000 bytes
Continuation:    none specified
Path used:      Conventional

Table PARENTES, loaded from every logical record.
Insert option in effect for this table: APPEND
TRAILING NULLCOLS option in effect

   Column Name                  Position   Len  Term Encl Datatype
------------------------------ ---------- ----- ---- ---- ---------------------
NUMERO                                1:3     3           CHARACTER            
NOME                                 4:11     8           CHARACTER            
APELIDOS                            12:25    14           CHARACTER            
SEXO                                26:26     1           CHARACTER            
DATAN                               27:34     8           CHARACTER            
    SQL string for column : "to_date(:datan,'YYYYMMDD')"


Table PARENTES:
  3 Rows successfully loaded.
  0 Rows not loaded due to data errors.
  0 Rows not loaded because all WHEN clauses were failed.
  0 Rows not loaded because all fields were null.


Space allocated for bind array:                   2944 bytes(64 rows)
Read   buffer bytes: 1048576

Total logical records skipped:          0
Total logical records read:             3
Total logical records rejected:         0
Total logical records discarded:        0

Run began on Fri Apr 12 13:35:23 2019
Run ended on Fri Apr 12 13:35:23 2019

Elapsed time was:     00:00:00.03
CPU time was:         00:00:00.00
