
SQL*Loader: Release 11.2.0.1.0 - Production on Wed Apr 10 14:43:38 2019

Copyright (c) 1982, 2009, Oracle and/or its affiliates.  All rights reserved.

Control File:   cargaparentes.ctl
Data File:      parentes_variable.txt
  Bad File:     parentes_variable.bad
  Discard File:  none specified
 
 (Allow all discards)

Number to load: ALL
Number to skip: 0
Errors allowed: 50
Bind array:     64 rows, maximum of 256000 bytes
Continuation:    none specified
Path used:      Conventional

Table PARENTES, loaded from every logical record.
Insert option in effect for this table: APPEND
TRAILING NULLCOLS option in effect

   Column Name                  Position   Len  Term Encl Datatype
------------------------------ ---------- ----- ---- ---- ---------------------
NUMERO                              FIRST     *   ,       CHARACTER            
NOME                                 NEXT     *   ,       CHARACTER            
APELIDOS                             NEXT     *   ,       CHARACTER            
SEXO                                 NEXT     *   ,       CHARACTER            
DATAN                                NEXT     *   ,       CHARACTER            
    SQL string for column : "to_date(:datan,'YYYYMMDD')"

Record 2: Rejected - Error on table PARENTES.
ORA-00001: unique constraint (HR.SYS_C0017260) violated

Record 3: Rejected - Error on table PARENTES.
ORA-00001: unique constraint (HR.SYS_C0017260) violated


Table PARENTES:
  1 Row successfully loaded.
  2 Rows not loaded due to data errors.
  0 Rows not loaded because all WHEN clauses were failed.
  0 Rows not loaded because all fields were null.


Space allocated for bind array:                  82560 bytes(64 rows)
Read   buffer bytes: 1048576

Total logical records skipped:          0
Total logical records read:             3
Total logical records rejected:         2
Total logical records discarded:        0

Run began on Wed Apr 10 14:43:38 2019
Run ended on Wed Apr 10 14:43:38 2019

Elapsed time was:     00:00:00.02
CPU time was:         00:00:00.00
